<?xml version="1.0" encoding="UTF-8"?>
<testng-results ignored="0" total="4" passed="4" failed="0" skipped="0">
  <reporter-output>
  </reporter-output>
  <suite started-at="2024-08-27T12:18:13 IST" name="Suite" finished-at="2024-08-27T12:19:02 IST" duration-ms="48660">
    <groups>
      <group name="Master">
        <method signature="TC001_AccountRegistrationTest.verify_Acc_Registration()[pri:0, instance:testCases.TC001_AccountRegistrationTest@2f9f7dcf]" name="verify_Acc_Registration" class="testCases.TC001_AccountRegistrationTest"/>
        <method signature="TC002_LoginTest.verify_Login()[pri:0, instance:testCases.TC002_LoginTest@42a48628]" name="verify_Login" class="testCases.TC002_LoginTest"/>
        <method signature="TC001_AccountRegistrationTest.verify_Acc_Registration()[pri:0, instance:testCases.TC001_AccountRegistrationTest@78691363]" name="verify_Acc_Registration" class="testCases.TC001_AccountRegistrationTest"/>
        <method signature="TC002_LoginTest.verify_Login()[pri:0, instance:testCases.TC002_LoginTest@41d477ed]" name="verify_Login" class="testCases.TC002_LoginTest"/>
      </group> <!-- Master -->
      <group name="Sanity">
        <method signature="TC002_LoginTest.verify_Login()[pri:0, instance:testCases.TC002_LoginTest@42a48628]" name="verify_Login" class="testCases.TC002_LoginTest"/>
        <method signature="TC002_LoginTest.verify_Login()[pri:0, instance:testCases.TC002_LoginTest@41d477ed]" name="verify_Login" class="testCases.TC002_LoginTest"/>
      </group> <!-- Sanity -->
      <group name="Regression">
        <method signature="TC001_AccountRegistrationTest.verify_Acc_Registration()[pri:0, instance:testCases.TC001_AccountRegistrationTest@2f9f7dcf]" name="verify_Acc_Registration" class="testCases.TC001_AccountRegistrationTest"/>
        <method signature="TC001_AccountRegistrationTest.verify_Acc_Registration()[pri:0, instance:testCases.TC001_AccountRegistrationTest@78691363]" name="verify_Acc_Registration" class="testCases.TC001_AccountRegistrationTest"/>
      </group> <!-- Regression -->
    </groups>
    <test started-at="2024-08-27T12:18:13 IST" name="Linux-Chrome" finished-at="2024-08-27T12:18:32 IST" duration-ms="19287">
      <class name="testCases.TC002_LoginTest">
        <test-method is-config="true" signature="setup(java.lang.String,java.lang.String)[pri:0, instance:testCases.TC002_LoginTest@42a48628]" started-at="2024-08-27T12:18:27 IST" name="setup" finished-at="2024-08-27T12:18:30 IST" duration-ms="2927" status="PASS">
          <params>
            <param index="0">
              <value>
                <![CDATA[Linux]]>
              </value>
            </param>
            <param index="1">
              <value>
                <![CDATA[chrome]]>
              </value>
            </param>
          </params>
          <reporter-output>
          </reporter-output>
        </test-method> <!-- setup -->
        <test-method signature="verify_Login()[pri:0, instance:testCases.TC002_LoginTest@42a48628]" started-at="2024-08-27T12:18:30 IST" name="verify_Login" finished-at="2024-08-27T12:18:32 IST" duration-ms="1771" status="PASS">
          <reporter-output>
          </reporter-output>
        </test-method> <!-- verify_Login -->
        <test-method is-config="true" signature="tearDown()[pri:0, instance:testCases.TC002_LoginTest@42a48628]" started-at="2024-08-27T12:18:32 IST" name="tearDown" finished-at="2024-08-27T12:18:32 IST" duration-ms="257" status="PASS">
          <reporter-output>
          </reporter-output>
        </test-method> <!-- tearDown -->
      </class> <!-- testCases.TC002_LoginTest -->
      <class name="testCases.TC001_AccountRegistrationTest">
        <test-method is-config="true" signature="setup(java.lang.String,java.lang.String)[pri:0, instance:testCases.TC001_AccountRegistrationTest@2f9f7dcf]" started-at="2024-08-27T12:18:14 IST" name="setup" finished-at="2024-08-27T12:18:24 IST" duration-ms="10831" status="PASS">
          <params>
            <param index="0">
              <value>
                <![CDATA[Linux]]>
              </value>
            </param>
            <param index="1">
              <value>
                <![CDATA[chrome]]>
              </value>
            </param>
          </params>
          <reporter-output>
          </reporter-output>
        </test-method> <!-- setup -->
        <test-method signature="verify_Acc_Registration()[pri:0, instance:testCases.TC001_AccountRegistrationTest@2f9f7dcf]" started-at="2024-08-27T12:18:25 IST" name="verify_Acc_Registration" finished-at="2024-08-27T12:18:27 IST" duration-ms="2540" status="PASS">
          <reporter-output>
          </reporter-output>
        </test-method> <!-- verify_Acc_Registration -->
        <test-method is-config="true" signature="tearDown()[pri:0, instance:testCases.TC001_AccountRegistrationTest@2f9f7dcf]" started-at="2024-08-27T12:18:27 IST" name="tearDown" finished-at="2024-08-27T12:18:27 IST" duration-ms="324" status="PASS">
          <reporter-output>
          </reporter-output>
        </test-method> <!-- tearDown -->
      </class> <!-- testCases.TC001_AccountRegistrationTest -->
    </test> <!-- Linux-Chrome -->
    <test started-at="2024-08-27T12:18:34 IST" name="Linux-Firefox" finished-at="2024-08-27T12:19:02 IST" duration-ms="28143">
      <class name="testCases.TC002_LoginTest">
        <test-method is-config="true" signature="setup(java.lang.String,java.lang.String)[pri:0, instance:testCases.TC002_LoginTest@41d477ed]" started-at="2024-08-27T12:18:51 IST" name="setup" finished-at="2024-08-27T12:18:58 IST" duration-ms="7573" status="PASS">
          <params>
            <param index="0">
              <value>
                <![CDATA[Linux]]>
              </value>
            </param>
            <param index="1">
              <value>
                <![CDATA[firefox]]>
              </value>
            </param>
          </params>
          <reporter-output>
          </reporter-output>
        </test-method> <!-- setup -->
        <test-method signature="verify_Login()[pri:0, instance:testCases.TC002_LoginTest@41d477ed]" started-at="2024-08-27T12:18:58 IST" name="verify_Login" finished-at="2024-08-27T12:19:00 IST" duration-ms="1865" status="PASS">
          <reporter-output>
          </reporter-output>
        </test-method> <!-- verify_Login -->
        <test-method is-config="true" signature="tearDown()[pri:0, instance:testCases.TC002_LoginTest@41d477ed]" started-at="2024-08-27T12:19:00 IST" name="tearDown" finished-at="2024-08-27T12:19:02 IST" duration-ms="1571" status="PASS">
          <reporter-output>
          </reporter-output>
        </test-method> <!-- tearDown -->
      </class> <!-- testCases.TC002_LoginTest -->
      <class name="testCases.TC001_AccountRegistrationTest">
        <test-method is-config="true" signature="setup(java.lang.String,java.lang.String)[pri:0, instance:testCases.TC001_AccountRegistrationTest@78691363]" started-at="2024-08-27T12:18:34 IST" name="setup" finished-at="2024-08-27T12:18:46 IST" duration-ms="12578" status="PASS">
          <params>
            <param index="0">
              <value>
                <![CDATA[Linux]]>
              </value>
            </param>
            <param index="1">
              <value>
                <![CDATA[firefox]]>
              </value>
            </param>
          </params>
          <reporter-output>
          </reporter-output>
        </test-method> <!-- setup -->
        <test-method signature="verify_Acc_Registration()[pri:0, instance:testCases.TC001_AccountRegistrationTest@78691363]" started-at="2024-08-27T12:18:46 IST" name="verify_Acc_Registration" finished-at="2024-08-27T12:18:49 IST" duration-ms="2658" status="PASS">
          <reporter-output>
          </reporter-output>
        </test-method> <!-- verify_Acc_Registration -->
        <test-method is-config="true" signature="tearDown()[pri:0, instance:testCases.TC001_AccountRegistrationTest@78691363]" started-at="2024-08-27T12:18:49 IST" name="tearDown" finished-at="2024-08-27T12:18:51 IST" duration-ms="1892" status="PASS">
          <reporter-output>
          </reporter-output>
        </test-method> <!-- tearDown -->
      </class> <!-- testCases.TC001_AccountRegistrationTest -->
    </test> <!-- Linux-Firefox -->
  </suite> <!-- Suite -->
</testng-results>
